Determining if the pthread_create exist failed with the following output:
Change Dir: /home/osboxes/pp_2020_autumn_engineer/build/CMakeFiles/CMakeTmp

Run Build Command:"/usr/bin/make" "cmTC_ad7db/fast"
/usr/bin/make -f CMakeFiles/cmTC_ad7db.dir/build.make CMakeFiles/cmTC_ad7db.dir/build
make[1]: Entering directory '/home/osboxes/pp_2020_autumn_engineer/build/CMakeFiles/CMakeTmp'
Building C object CMakeFiles/cmTC_ad7db.dir/CheckSymbolExists.c.o
/usr/bin/cc   -Wall -Werror    -o CMakeFiles/cmTC_ad7db.dir/CheckSymbolExists.c.o   -c /home/osboxes/pp_2020_autumn_engineer/build/CMakeFiles/CMakeTmp/CheckSymbolExists.c
Linking C executable cmTC_ad7db
/usr/bin/cmake -E cmake_link_script CMakeFiles/cmTC_ad7db.dir/link.txt --verbose=1
/usr/bin/cc  -Wall -Werror     -rdynamic CMakeFiles/cmTC_ad7db.dir/CheckSymbolExists.c.o  -o cmTC_ad7db 
CMakeFiles/cmTC_ad7db.dir/CheckSymbolExists.c.o: In function `main':
CheckSymbolExists.c:(.text+0x1b): undefined reference to `pthread_create'
collect2: error: ld returned 1 exit status
CMakeFiles/cmTC_ad7db.dir/build.make:97: recipe for target 'cmTC_ad7db' failed
make[1]: *** [cmTC_ad7db] Error 1
make[1]: Leaving directory '/home/osboxes/pp_2020_autumn_engineer/build/CMakeFiles/CMakeTmp'
Makefile:126: recipe for target 'cmTC_ad7db/fast' failed
make: *** [cmTC_ad7db/fast] Error 2

File /home/osboxes/pp_2020_autumn_engineer/build/CMakeFiles/CMakeTmp/CheckSymbolExists.c:
/* */
#include <pthread.h>

int main(int argc, char** argv)
{
  (void)argv;
#ifndef pthread_create
  return ((int*)(&pthread_create))[argc];
#else
  (void)argc;
  return 0;
#endif
}

Determining if the function pthread_create exists in the pthreads failed with the following output:
Change Dir: /home/osboxes/pp_2020_autumn_engineer/build/CMakeFiles/CMakeTmp

Run Build Command:"/usr/bin/make" "cmTC_2cce0/fast"
/usr/bin/make -f CMakeFiles/cmTC_2cce0.dir/build.make CMakeFiles/cmTC_2cce0.dir/build
make[1]: Entering directory '/home/osboxes/pp_2020_autumn_engineer/build/CMakeFiles/CMakeTmp'
Building C object CMakeFiles/cmTC_2cce0.dir/CheckFunctionExists.c.o
/usr/bin/cc   -Wall -Werror -DCHECK_FUNCTION_EXISTS=pthread_create   -o CMakeFiles/cmTC_2cce0.dir/CheckFunctionExists.c.o   -c /usr/share/cmake-3.10/Modules/CheckFunctionExists.c
Linking C executable cmTC_2cce0
/usr/bin/cmake -E cmake_link_script CMakeFiles/cmTC_2cce0.dir/link.txt --verbose=1
/usr/bin/cc  -Wall -Werror -DCHECK_FUNCTION_EXISTS=pthread_create    -rdynamic CMakeFiles/cmTC_2cce0.dir/CheckFunctionExists.c.o  -o cmTC_2cce0 -lpthreads 
/usr/bin/ld: cannot find -lpthreads
collect2: error: ld returned 1 exit status
CMakeFiles/cmTC_2cce0.dir/build.make:97: recipe for target 'cmTC_2cce0' failed
make[1]: *** [cmTC_2cce0] Error 1
make[1]: Leaving directory '/home/osboxes/pp_2020_autumn_engineer/build/CMakeFiles/CMakeTmp'
Makefile:126: recipe for target 'cmTC_2cce0/fast' failed
make: *** [cmTC_2cce0/fast] Error 2


